Unity Editor version:    2021.3.16f1 (4016570cf34f)
Branch:                  2021.3/staging
Build type:              Release
Batch mode:              YES
macOS version:           Version 13.1 (Build 22C65)
Darwin version:          22.2.0
Architecture:            arm64
Running under Rosetta:   NO
Available memory:        16384 MB
Using pre-set license
Pro License: YES

COMMAND LINE ARGUMENTS:
/Applications/Unity/Hub/Editor/2021.3.16f1/Unity.app/Contents/MacOS/Unity
-adb2
-batchMode
-noUpm
-name
AssetImportWorker1
-projectPath
/Users/basarcelebi/CubeSurfers
-logFile
Logs/AssetImportWorker1.log
-srvPort
60396
Successfully changed project path to: /Users/basarcelebi/CubeSurfers
/Users/basarcelebi/CubeSurfers
[UnityMemory] Configuration Parameters - Can be set up in boot.config
    "memorysetup-bucket-allocator-granularity=16"
    "memorysetup-bucket-allocator-bucket-count=8"
    "memorysetup-bucket-allocator-block-size=33554432"
    "memorysetup-bucket-allocator-block-count=8"
    "memorysetup-main-allocator-block-size=16777216"
    "memorysetup-thread-allocator-block-size=16777216"
    "memorysetup-gfx-main-allocator-block-size=16777216"
    "memorysetup-gfx-thread-allocator-block-size=16777216"
    "memorysetup-cache-allocator-block-size=4194304"
    "memorysetup-typetree-allocator-block-size=2097152"
    "memorysetup-profiler-bucket-allocator-granularity=16"
    "memorysetup-profiler-bucket-allocator-bucket-count=8"
    "memorysetup-profiler-bucket-allocator-block-size=33554432"
    "memorysetup-profiler-bucket-allocator-block-count=8"
    "memorysetup-profiler-allocator-block-size=16777216"
    "memorysetup-profiler-editor-allocator-block-size=1048576"
    "memorysetup-temp-allocator-size-main=16777216"
    "memorysetup-job-temp-allocator-block-size=2097152"
    "memorysetup-job-temp-allocator-block-size-background=1048576"
    "memorysetup-job-temp-allocator-reduction-small-platforms=262144"
    "memorysetup-temp-allocator-size-background-worker=32768"
    "memorysetup-temp-allocator-size-job-worker=262144"
    "memorysetup-temp-allocator-size-preload-manager=33554432"
    "memorysetup-temp-allocator-size-nav-mesh-worker=65536"
    "memorysetup-temp-allocator-size-audio-worker=65536"
    "memorysetup-temp-allocator-size-cloud-worker=32768"
    "memorysetup-temp-allocator-size-gi-baking-worker=262144"
    "memorysetup-temp-allocator-size-gfx=262144"
Player connection [8043657856] Host "[IP] 192.168.1.21 [Port] 0 [Flags] 2 [Guid] 3292685020 [EditorId] 3292685020 [Version] 1048832 [Id] OSXEditor(0,Basar-MacBook-Air.local) [Debug] 1 [PackageName] OSXEditor [ProjectName] Editor" joined multi-casting on [225.0.0.222:54997]...

Player connection [8043657856] Host "[IP] 192.168.1.21 [Port] 0 [Flags] 2 [Guid] 3292685020 [EditorId] 3292685020 [Version] 1048832 [Id] OSXEditor(0,Basar-MacBook-Air.local) [Debug] 1 [PackageName] OSXEditor [ProjectName] Editor" joined alternative multi-casting on [225.0.0.222:34997]...

Refreshing native plugins compatible for Editor in 67.76 ms, found 2 plugins.
Preloading 0 native plugins for Editor in 0.00 ms.
Initialize engine version: 2021.3.16f1 (4016570cf34f)
[Subsystems] Discovering subsystems at path /Applications/Unity/Hub/Editor/2021.3.16f1/Unity.app/Contents/Resources/UnitySubsystems
[Subsystems] Discovering subsystems at path /Users/basarcelebi/CubeSurfers/Assets
GfxDevice: creating device client; threaded=0; jobified=0
 preferred device: Apple M1 (high power)
Metal devices available: 1
0: Apple M1 (high power)
Using device Apple M1 (high power)
Initializing Metal device caps: Apple M1
Initialize mono
Mono path[0] = '/Applications/Unity/Hub/Editor/2021.3.16f1/Unity.app/Contents/Managed'
Mono path[1] = '/Applications/Unity/Hub/Editor/2021.3.16f1/Unity.app/Contents/MonoBleedingEdge/lib/mono/unityjit-macos'
Mono config path = '/Applications/Unity/Hub/Editor/2021.3.16f1/Unity.app/Contents/MonoBleedingEdge/etc'
Using monoOptions --debugger-agent=transport=dt_socket,embedding=1,server=y,suspend=n,address=127.0.0.1:56178
Begin MonoManager ReloadAssembly
Registering precompiled unity dll's ...
Register platform support module: /Applications/Unity/Hub/Editor/2021.3.16f1/Unity.app/Contents/PlaybackEngines/MacStandaloneSupport/UnityEditor.OSXStandalone.Extensions.dll
Registered in 0.000563 seconds.
Native extension for OSXStandalone target not found
Refreshing native plugins compatible for Editor in 70.07 ms, found 2 plugins.
Preloading 0 native plugins for Editor in 0.00 ms.
Mono: successfully reloaded assembly
- Completed reload, in  0.365 seconds
Domain Reload Profiling:
	ReloadAssembly (366ms)
		BeginReloadAssembly (25ms)
			ExecutionOrderSort (0ms)
			DisableScriptedObjects (0ms)
			BackupInstance (0ms)
			ReleaseScriptingObjects (0ms)
			CreateAndSetChildDomain (0ms)
		EndReloadAssembly (277ms)
			LoadAssemblies (25ms)
			RebuildTransferFunctionScriptingTraits (0ms)
			SetupTypeCache (64ms)
			ReleaseScriptCaches (0ms)
			RebuildScriptCaches (18ms)
			SetupLoadedEditorAssemblies (169ms)
				LogAssemblyErrors (0ms)
				InitializePlatformSupportModulesInManaged (3ms)
				SetLoadedEditorAssemblies (0ms)
				RefreshPlugins (70ms)
				BeforeProcessingInitializeOnLoad (1ms)
				ProcessInitializeOnLoadAttributes (72ms)
				ProcessInitializeOnLoadMethodAttributes (23ms)
				AfterProcessingInitializeOnLoad (0ms)
				EditorAssembliesLoaded (0ms)
			ExecutionOrderSort2 (0ms)
			AwakeInstancesAfterBackupRestoration (0ms)
Platform modules already initialized, skipping
Registering precompiled user dll's ...
Registered in 0.001978 seconds.
Begin MonoManager ReloadAssembly
Symbol file LoadedFromMemory doesn't match image /Users/basarcelebi/CubeSurfers/Library/PackageCache/com.unity.visualscripting@1.7.8/Editor/VisualScripting.Core/Dependencies/YamlDotNet/Unity.VisualScripting.YamlDotNet.dll
Symbol file LoadedFromMemory doesn't match image /Users/basarcelebi/CubeSurfers/Library/PackageCache/com.unity.visualscripting@1.7.8/Editor/VisualScripting.Core/Dependencies/DotNetZip/Unity.VisualScripting.IonicZip.dll
Native extension for OSXStandalone target not found
Refreshing native plugins compatible for Editor in 0.47 ms, found 2 plugins.
Preloading 0 native plugins for Editor in 0.00 ms.
Mono: successfully reloaded assembly
- Completed reload, in  0.572 seconds
Domain Reload Profiling:
	ReloadAssembly (572ms)
		BeginReloadAssembly (50ms)
			ExecutionOrderSort (0ms)
			DisableScriptedObjects (3ms)
			BackupInstance (0ms)
			ReleaseScriptingObjects (0ms)
			CreateAndSetChildDomain (15ms)
		EndReloadAssembly (456ms)
			LoadAssemblies (27ms)
			RebuildTransferFunctionScriptingTraits (0ms)
			SetupTypeCache (166ms)
			ReleaseScriptCaches (0ms)
			RebuildScriptCaches (31ms)
			SetupLoadedEditorAssemblies (202ms)
				LogAssemblyErrors (0ms)
				InitializePlatformSupportModulesInManaged (2ms)
				SetLoadedEditorAssemblies (0ms)
				RefreshPlugins (0ms)
				BeforeProcessingInitializeOnLoad (55ms)
				ProcessInitializeOnLoadAttributes (131ms)
				ProcessInitializeOnLoadMethodAttributes (13ms)
				AfterProcessingInitializeOnLoad (1ms)
				EditorAssembliesLoaded (0ms)
			ExecutionOrderSort2 (0ms)
			AwakeInstancesAfterBackupRestoration (2ms)
Platform modules already initialized, skipping
========================================================================
Worker process is ready to serve import requests
Launching external process: /Applications/Unity/Hub/Editor/2021.3.16f1/Unity.app/Contents/Tools/UnityShaderCompiler
Launched and connected shader compiler UnityShaderCompiler after 0.05 seconds
Refreshing native plugins compatible for Editor in 0.42 ms, found 2 plugins.
Preloading 0 native plugins for Editor in 0.00 ms.
Unloading 3384 Unused Serialized files (Serialized files now loaded: 0)
Unloading 27 unused Assets / (86.0 KB). Loaded Objects now: 3843.
Memory consumption went from 114.3 MB to 114.2 MB.
Total: 2.458042 ms (FindLiveObjects: 0.137125 ms CreateObjectMapping: 0.043083 ms MarkObjects: 2.204875 ms  DeleteObjects: 0.072292 ms)

AssetImportParameters requested are different than current active one (requested -> active):
  custom:video-decoder-ogg-theora: a1e56fd34408186e4bbccfd4996cb3dc -> 
  custom:container-muxer-webm: aa71ff27fc2769a1b78a27578f13a17b -> 
  custom:container-demuxer-webm: 4f35f7cbe854078d1ac9338744f61a02 -> 
  custom:video-encoder-webm-vp8: eb34c28f22e8b96e1ab97ce403110664 -> 
  custom:framework-osx-AVFoundation: e770b220cccbd017edd2c1fefb359320 -> 
  custom:audio-encoder-webm-vorbis: bf7c407c2cedff20999df2af8eb42d56 -> 
  custom:container-demuxer-ogg: 62fdf1f143b41e24485cea50d1cbac27 -> 
  custom:video-decoder-webm-vp8: 9c59270c3fd7afecdb556c50c9e8de78 -> 
  custom:audio-decoder-ogg-vorbis: bf7c407c2cedff20999df2af8eb42d56 -> 
========================================================================
Received Import Request.
  Time since last request: 75885.686567 seconds.
  path: Assets/Simple Buttons/Buttons Style 10 (Square Light Blue)/ButtonsStyle10_02.png
  artifactKey: Guid(671fce46564e77b4cb3c2e8248068f58) Importer(815301076,1909f56bfc062723c751e8b465ee728b)
Start importing Assets/Simple Buttons/Buttons Style 10 (Square Light Blue)/ButtonsStyle10_02.png using Guid(671fce46564e77b4cb3c2e8248068f58) Importer(815301076,1909f56bfc062723c751e8b465ee728b)  -> (artifact id: 'c333b53db917e6a4bb9398f58dc070d2') in 0.357409 seconds 
========================================================================
Received Import Request.
  Time since last request: 0.000049 seconds.
  path: Assets/Simple Buttons/Buttons Style 10 (Square Light Blue)/ButtonsStyle10_12.png
  artifactKey: Guid(bcc39723781b0cc4db21950744494d0c) Importer(815301076,1909f56bfc062723c751e8b465ee728b)
Start importing Assets/Simple Buttons/Buttons Style 10 (Square Light Blue)/ButtonsStyle10_12.png using Guid(bcc39723781b0cc4db21950744494d0c) Importer(815301076,1909f56bfc062723c751e8b465ee728b)  -> (artifact id: '4e6b35ee462aff0f5cabd51de0c3afcf') in 0.010176 seconds 
========================================================================
Received Import Request.
  Time since last request: 0.000052 seconds.
  path: Assets/Simple Buttons/Buttons Style 10 (Square Light Blue)/ButtonsStyle10_18.png
  artifactKey: Guid(14643e1f960f8774abb834582fa4e4cc) Importer(815301076,1909f56bfc062723c751e8b465ee728b)
Start importing Assets/Simple Buttons/Buttons Style 10 (Square Light Blue)/ButtonsStyle10_18.png using Guid(14643e1f960f8774abb834582fa4e4cc) Importer(815301076,1909f56bfc062723c751e8b465ee728b)  -> (artifact id: '0a61ed02b631de20a02e0988b5be4487') in 0.011693 seconds 
========================================================================
Received Import Request.
  Time since last request: 0.000073 seconds.
  path: Assets/Simple Buttons/Buttons Style 10 (Square Light Blue)/ButtonsStyle10_19.png
  artifactKey: Guid(8677b1403f9777a45a20973060ddf666) Importer(815301076,1909f56bfc062723c751e8b465ee728b)
Start importing Assets/Simple Buttons/Buttons Style 10 (Square Light Blue)/ButtonsStyle10_19.png using Guid(8677b1403f9777a45a20973060ddf666) Importer(815301076,1909f56bfc062723c751e8b465ee728b)  -> (artifact id: '17651280952ad6a9bccc211473744627') in 0.009755 seconds 
========================================================================
Received Import Request.
  Time since last request: 0.000046 seconds.
  path: Assets/Simple Buttons/Buttons Style 10 (Square Light Blue)/ButtonsStyle10_04.png
  artifactKey: Guid(8384d13f6d4b91b47af59eb7276c3dd6) Importer(815301076,1909f56bfc062723c751e8b465ee728b)
Start importing Assets/Simple Buttons/Buttons Style 10 (Square Light Blue)/ButtonsStyle10_04.png using Guid(8384d13f6d4b91b47af59eb7276c3dd6) Importer(815301076,1909f56bfc062723c751e8b465ee728b)  -> (artifact id: 'ab7c495e6b177ffd8dee14b2251c7bee') in 0.009101 seconds 
========================================================================
Received Import Request.
  Time since last request: 0.000047 seconds.
  path: Assets/Simple Buttons/Buttons Style 10 (Square Light Blue)/ButtonsStyle10_09.png
  artifactKey: Guid(1ff45295039ec2147a4d1738671d206a) Importer(815301076,1909f56bfc062723c751e8b465ee728b)
Start importing Assets/Simple Buttons/Buttons Style 10 (Square Light Blue)/ButtonsStyle10_09.png using Guid(1ff45295039ec2147a4d1738671d206a) Importer(815301076,1909f56bfc062723c751e8b465ee728b)  -> (artifact id: 'f2bd615adeb6ba8dcacfd39e899bb50e') in 0.010295 seconds 
========================================================================
Received Import Request.
  Time since last request: 0.000033 seconds.
  path: Assets/Simple Buttons/Buttons Style 10 (Square Light Blue)/ButtonsStyle10_11.png
  artifactKey: Guid(27d89d715e84e8f4cb3b12437c0614ac) Importer(815301076,1909f56bfc062723c751e8b465ee728b)
Start importing Assets/Simple Buttons/Buttons Style 10 (Square Light Blue)/ButtonsStyle10_11.png using Guid(27d89d715e84e8f4cb3b12437c0614ac) Importer(815301076,1909f56bfc062723c751e8b465ee728b)  -> (artifact id: '4336bd5b9358356da6987d362f6ef50d') in 0.011680 seconds 
========================================================================
Received Import Request.
  Time since last request: 0.000033 seconds.
  path: Assets/Simple Buttons/Buttons Style 10 (Square Light Blue)/ButtonsStyle10_26.png
  artifactKey: Guid(3850159463911b546b7f5997f17309f2) Importer(815301076,1909f56bfc062723c751e8b465ee728b)
Start importing Assets/Simple Buttons/Buttons Style 10 (Square Light Blue)/ButtonsStyle10_26.png using Guid(3850159463911b546b7f5997f17309f2) Importer(815301076,1909f56bfc062723c751e8b465ee728b)  -> (artifact id: '01ac10afd7774d4eaefd624419908186') in 0.009364 seconds 
========================================================================
Received Import Request.
  Time since last request: 0.000062 seconds.
  path: Assets/Simple Buttons/Buttons Style 10 (Square Light Blue)/ButtonsStyle10_16.png
  artifactKey: Guid(fce4a6e3db791ac439579bf36e02da3e) Importer(815301076,1909f56bfc062723c751e8b465ee728b)
Start importing Assets/Simple Buttons/Buttons Style 10 (Square Light Blue)/ButtonsStyle10_16.png using Guid(fce4a6e3db791ac439579bf36e02da3e) Importer(815301076,1909f56bfc062723c751e8b465ee728b)  -> (artifact id: 'f3bf4eaa69214153c3cf13a028169b0f') in 0.010761 seconds 
========================================================================
Received Import Request.
  Time since last request: 0.000056 seconds.
  path: Assets/Simple Buttons/Buttons Style 10 (Square Light Blue)/ButtonsStyle10_05.png
  artifactKey: Guid(cbf7b9199bb38454aaa1642c264db28e) Importer(815301076,1909f56bfc062723c751e8b465ee728b)
Start importing Assets/Simple Buttons/Buttons Style 10 (Square Light Blue)/ButtonsStyle10_05.png using Guid(cbf7b9199bb38454aaa1642c264db28e) Importer(815301076,1909f56bfc062723c751e8b465ee728b)  -> (artifact id: 'bb74de846bd1c62627cbf0fc172473c2') in 0.011079 seconds 
========================================================================
Received Import Request.
  Time since last request: 0.000032 seconds.
  path: Assets/Simple Buttons/Buttons Style 10 (Square Light Blue)/ButtonsStyle10_15.png
  artifactKey: Guid(3b4741206ffc7e0469bda7714f8479aa) Importer(815301076,1909f56bfc062723c751e8b465ee728b)
Start importing Assets/Simple Buttons/Buttons Style 10 (Square Light Blue)/ButtonsStyle10_15.png using Guid(3b4741206ffc7e0469bda7714f8479aa) Importer(815301076,1909f56bfc062723c751e8b465ee728b)  -> (artifact id: '7b8ceb2361144f02c670fe2deb6f5062') in 0.010516 seconds 
========================================================================
Received Import Request.
  Time since last request: 0.000069 seconds.
  path: Assets/Simple Buttons/Buttons Style 10 (Square Light Blue)/ButtonsStyle10_07.png
  artifactKey: Guid(3ffa73e3b97b8cb4e8908a8407d3eaae) Importer(815301076,1909f56bfc062723c751e8b465ee728b)
Start importing Assets/Simple Buttons/Buttons Style 10 (Square Light Blue)/ButtonsStyle10_07.png using Guid(3ffa73e3b97b8cb4e8908a8407d3eaae) Importer(815301076,1909f56bfc062723c751e8b465ee728b)  -> (artifact id: 'c578f5ab867811903fc918daad470efb') in 0.012352 seconds 
========================================================================
Received Import Request.
  Time since last request: 0.000030 seconds.
  path: Assets/Simple Buttons/Buttons Style 10 (Square Light Blue)/ButtonsStyle10_22.png
  artifactKey: Guid(9e558f98a01ec0846923aedb3e42719e) Importer(815301076,1909f56bfc062723c751e8b465ee728b)
Start importing Assets/Simple Buttons/Buttons Style 10 (Square Light Blue)/ButtonsStyle10_22.png using Guid(9e558f98a01ec0846923aedb3e42719e) Importer(815301076,1909f56bfc062723c751e8b465ee728b)  -> (artifact id: '5561722f3521edc6ceb4d8fbe2b5248d') in 0.010055 seconds 
========================================================================
Received Import Request.
  Time since last request: 1.978775 seconds.
  path: Assets/Simple Buttons/Buttons Style 9 (Rounded Light Blue)/ButtonsStyle9_02.png
  artifactKey: Guid(7726c8bc5d3b1b042a40e3116013f587) Importer(815301076,1909f56bfc062723c751e8b465ee728b)
Start importing Assets/Simple Buttons/Buttons Style 9 (Rounded Light Blue)/ButtonsStyle9_02.png using Guid(7726c8bc5d3b1b042a40e3116013f587) Importer(815301076,1909f56bfc062723c751e8b465ee728b)  -> (artifact id: 'dd4ca8e9a15fa04371e98aa8add52207') in 0.016110 seconds 
========================================================================
Received Import Request.
  Time since last request: 0.000048 seconds.
  path: Assets/Simple Buttons/Buttons Style 9 (Rounded Light Blue)/ButtonsStyle9_15.png
  artifactKey: Guid(58a49341c6a83b54bacabb82ebda68a0) Importer(815301076,1909f56bfc062723c751e8b465ee728b)
Start importing Assets/Simple Buttons/Buttons Style 9 (Rounded Light Blue)/ButtonsStyle9_15.png using Guid(58a49341c6a83b54bacabb82ebda68a0) Importer(815301076,1909f56bfc062723c751e8b465ee728b)  -> (artifact id: '63ca9932b9b3b089fb0e0330cdc743c3') in 0.012475 seconds 
========================================================================
Received Import Request.
  Time since last request: 0.000045 seconds.
  path: Assets/Simple Buttons/Buttons Style 9 (Rounded Light Blue)/ButtonsStyle9_07.png
  artifactKey: Guid(952482b8b3d60574aa7971c31d80f5c4) Importer(815301076,1909f56bfc062723c751e8b465ee728b)
Start importing Assets/Simple Buttons/Buttons Style 9 (Rounded Light Blue)/ButtonsStyle9_07.png using Guid(952482b8b3d60574aa7971c31d80f5c4) Importer(815301076,1909f56bfc062723c751e8b465ee728b)  -> (artifact id: 'd0e280deab225aba03158d964f3a6733') in 0.013294 seconds 
========================================================================
Received Import Request.
  Time since last request: 0.000049 seconds.
  path: Assets/Simple Buttons/Buttons Style 9 (Rounded Light Blue)/ButtonsStyle9_14.png
  artifactKey: Guid(d974d5a650a212249ae80124b6c5d3c9) Importer(815301076,1909f56bfc062723c751e8b465ee728b)
Start importing Assets/Simple Buttons/Buttons Style 9 (Rounded Light Blue)/ButtonsStyle9_14.png using Guid(d974d5a650a212249ae80124b6c5d3c9) Importer(815301076,1909f56bfc062723c751e8b465ee728b)  -> (artifact id: '16c78f60c190b8317aa43055acf1bb93') in 0.010714 seconds 
========================================================================
Received Import Request.
  Time since last request: 0.000043 seconds.
  path: Assets/Simple Buttons/Buttons Style 9 (Rounded Light Blue)/ButtonsStyle9_18.png
  artifactKey: Guid(ebf51ae6b6244d943af14451a6835013) Importer(815301076,1909f56bfc062723c751e8b465ee728b)
Start importing Assets/Simple Buttons/Buttons Style 9 (Rounded Light Blue)/ButtonsStyle9_18.png using Guid(ebf51ae6b6244d943af14451a6835013) Importer(815301076,1909f56bfc062723c751e8b465ee728b)  -> (artifact id: '0c4835da2a216cac411bc34f317f5529') in 0.009859 seconds 
========================================================================
Received Import Request.
  Time since last request: 0.000034 seconds.
  path: Assets/Simple Buttons/Buttons Style 9 (Rounded Light Blue)/ButtonsStyle9_25.png
  artifactKey: Guid(2f37acc939baede439c764f6be8b566b) Importer(815301076,1909f56bfc062723c751e8b465ee728b)
Start importing Assets/Simple Buttons/Buttons Style 9 (Rounded Light Blue)/ButtonsStyle9_25.png using Guid(2f37acc939baede439c764f6be8b566b) Importer(815301076,1909f56bfc062723c751e8b465ee728b)  -> (artifact id: '4989daa5eced1870030cfc9265dbefa9') in 0.009944 seconds 
========================================================================
Received Import Request.
  Time since last request: 0.000039 seconds.
  path: Assets/Simple Buttons/Buttons Style 9 (Rounded Light Blue)/ButtonsStyle9_20.png
  artifactKey: Guid(9f978a890cb9c7c4faf887644d93b55f) Importer(815301076,1909f56bfc062723c751e8b465ee728b)
Start importing Assets/Simple Buttons/Buttons Style 9 (Rounded Light Blue)/ButtonsStyle9_20.png using Guid(9f978a890cb9c7c4faf887644d93b55f) Importer(815301076,1909f56bfc062723c751e8b465ee728b)  -> (artifact id: 'fa243960868726aeb4af6961dc2fc31d') in 0.008514 seconds 
========================================================================
Received Import Request.
  Time since last request: 0.000033 seconds.
  path: Assets/Simple Buttons/Buttons Style 9 (Rounded Light Blue)/ButtonsStyle9_23.png
  artifactKey: Guid(12f7edef46041604ea365cb5cc5586f0) Importer(815301076,1909f56bfc062723c751e8b465ee728b)
Start importing Assets/Simple Buttons/Buttons Style 9 (Rounded Light Blue)/ButtonsStyle9_23.png using Guid(12f7edef46041604ea365cb5cc5586f0) Importer(815301076,1909f56bfc062723c751e8b465ee728b)  -> (artifact id: 'f554adb12a3acdc02a6b377bc039198a') in 0.011815 seconds 
========================================================================
Received Import Request.
  Time since last request: 0.000063 seconds.
  path: Assets/Simple Buttons/Buttons Style 9 (Rounded Light Blue)/ButtonsStyle9_10.png
  artifactKey: Guid(2ae227da557b6a94e9b96480da6b4d18) Importer(815301076,1909f56bfc062723c751e8b465ee728b)
Start importing Assets/Simple Buttons/Buttons Style 9 (Rounded Light Blue)/ButtonsStyle9_10.png using Guid(2ae227da557b6a94e9b96480da6b4d18) Importer(815301076,1909f56bfc062723c751e8b465ee728b)  -> (artifact id: '1a6c2d90f46f655743edbbe4600d4d29') in 0.009676 seconds 
========================================================================
Received Import Request.
  Time since last request: 0.000044 seconds.
  path: Assets/Simple Buttons/Buttons Style 9 (Rounded Light Blue)/ButtonsStyle9_16.png
  artifactKey: Guid(c15fde17e0427df468a131a000035790) Importer(815301076,1909f56bfc062723c751e8b465ee728b)
Start importing Assets/Simple Buttons/Buttons Style 9 (Rounded Light Blue)/ButtonsStyle9_16.png using Guid(c15fde17e0427df468a131a000035790) Importer(815301076,1909f56bfc062723c751e8b465ee728b)  -> (artifact id: '0c26f851926d53acf06bc381afbb8550') in 0.008046 seconds 
========================================================================
Received Import Request.
  Time since last request: 0.000043 seconds.
  path: Assets/Simple Buttons/Buttons Style 9 (Rounded Light Blue)/ButtonsStyle9_17.png
  artifactKey: Guid(b5cc20e75e7a8494b9b1356bfaf68cf9) Importer(815301076,1909f56bfc062723c751e8b465ee728b)
Start importing Assets/Simple Buttons/Buttons Style 9 (Rounded Light Blue)/ButtonsStyle9_17.png using Guid(b5cc20e75e7a8494b9b1356bfaf68cf9) Importer(815301076,1909f56bfc062723c751e8b465ee728b)  -> (artifact id: '0185d2865d61ba8b6f75e9416e3e7fc9') in 0.008722 seconds 
========================================================================
Received Import Request.
  Time since last request: 0.000034 seconds.
  path: Assets/Simple Buttons/Buttons Style 9 (Rounded Light Blue)/ButtonsStyle9_05.png
  artifactKey: Guid(cfaf2b750cbdba2419f6bad5df0e0f67) Importer(815301076,1909f56bfc062723c751e8b465ee728b)
Start importing Assets/Simple Buttons/Buttons Style 9 (Rounded Light Blue)/ButtonsStyle9_05.png using Guid(cfaf2b750cbdba2419f6bad5df0e0f67) Importer(815301076,1909f56bfc062723c751e8b465ee728b)  -> (artifact id: '7af787eac0c3b1664a1d85e7c79e43a2') in 0.008855 seconds 
========================================================================
Received Import Request.
  Time since last request: 0.000048 seconds.
  path: Assets/Simple Buttons/Buttons Style 9 (Rounded Light Blue)/ButtonsStyle9_21.png
  artifactKey: Guid(0bb814791a97ca84f8c3def5b85cb00d) Importer(815301076,1909f56bfc062723c751e8b465ee728b)
Start importing Assets/Simple Buttons/Buttons Style 9 (Rounded Light Blue)/ButtonsStyle9_21.png using Guid(0bb814791a97ca84f8c3def5b85cb00d) Importer(815301076,1909f56bfc062723c751e8b465ee728b)  -> (artifact id: 'd467bcd434b1ae9f5065fe7250dc6533') in 0.012142 seconds 
========================================================================
Received Import Request.
  Time since last request: 1.763003 seconds.
  path: Assets/Simple Buttons/Buttons Style 8 (Square Turquoise)/ButtonsStyle8_25.png
  artifactKey: Guid(f01a29f8b0e8d384f9f9b41bb1552614) Importer(815301076,1909f56bfc062723c751e8b465ee728b)
Start importing Assets/Simple Buttons/Buttons Style 8 (Square Turquoise)/ButtonsStyle8_25.png using Guid(f01a29f8b0e8d384f9f9b41bb1552614) Importer(815301076,1909f56bfc062723c751e8b465ee728b)  -> (artifact id: 'c9ae83844ef0e5863ecf1f4cdcab9123') in 0.016168 seconds 
========================================================================
Received Prepare
Registering precompiled user dll's ...
Registered in 0.001932 seconds.
Begin MonoManager ReloadAssembly
Thread 0x2871e7000 may have been prematurely finalized
Symbol file LoadedFromMemory doesn't match image /Users/basarcelebi/CubeSurfers/Library/PackageCache/com.unity.visualscripting@1.7.8/Editor/VisualScripting.Core/Dependencies/YamlDotNet/Unity.VisualScripting.YamlDotNet.dll
Symbol file LoadedFromMemory doesn't match image /Users/basarcelebi/CubeSurfers/Library/PackageCache/com.unity.visualscripting@1.7.8/Editor/VisualScripting.Core/Dependencies/DotNetZip/Unity.VisualScripting.IonicZip.dll
Native extension for OSXStandalone target not found
Refreshing native plugins compatible for Editor in 0.53 ms, found 2 plugins.
Preloading 0 native plugins for Editor in 0.00 ms.
Mono: successfully reloaded assembly
- Completed reload, in  0.608 seconds
Domain Reload Profiling:
	ReloadAssembly (608ms)
		BeginReloadAssembly (77ms)
			ExecutionOrderSort (0ms)
			DisableScriptedObjects (3ms)
			BackupInstance (0ms)
			ReleaseScriptingObjects (0ms)
			CreateAndSetChildDomain (32ms)
		EndReloadAssembly (472ms)
			LoadAssemblies (29ms)
			RebuildTransferFunctionScriptingTraits (0ms)
			SetupTypeCache (188ms)
			ReleaseScriptCaches (1ms)
			RebuildScriptCaches (30ms)
			SetupLoadedEditorAssemblies (191ms)
				LogAssemblyErrors (0ms)
				InitializePlatformSupportModulesInManaged (5ms)
				SetLoadedEditorAssemblies (0ms)
				RefreshPlugins (1ms)
				BeforeProcessingInitializeOnLoad (40ms)
				ProcessInitializeOnLoadAttributes (129ms)
				ProcessInitializeOnLoadMethodAttributes (15ms)
				AfterProcessingInitializeOnLoad (1ms)
				EditorAssembliesLoaded (0ms)
			ExecutionOrderSort2 (0ms)
			AwakeInstancesAfterBackupRestoration (2ms)
Platform modules already initialized, skipping
Refreshing native plugins compatible for Editor in 0.98 ms, found 2 plugins.
Preloading 0 native plugins for Editor in 0.00 ms.
Unloading 3364 Unused Serialized files (Serialized files now loaded: 0)
Unloading 20 unused Assets / (65.6 KB). Loaded Objects now: 3903.
Memory consumption went from 119.0 MB to 118.9 MB.
Total: 2.612416 ms (FindLiveObjects: 0.148708 ms CreateObjectMapping: 0.046500 ms MarkObjects: 2.342334 ms  DeleteObjects: 0.074083 ms)

AssetImportParameters requested are different than current active one (requested -> active):
  custom:video-decoder-ogg-theora: a1e56fd34408186e4bbccfd4996cb3dc -> 
  custom:container-muxer-webm: aa71ff27fc2769a1b78a27578f13a17b -> 
  custom:container-demuxer-webm: 4f35f7cbe854078d1ac9338744f61a02 -> 
  custom:video-encoder-webm-vp8: eb34c28f22e8b96e1ab97ce403110664 -> 
  custom:framework-osx-AVFoundation: e770b220cccbd017edd2c1fefb359320 -> 
  custom:audio-encoder-webm-vorbis: bf7c407c2cedff20999df2af8eb42d56 -> 
  custom:container-demuxer-ogg: 62fdf1f143b41e24485cea50d1cbac27 -> 
  custom:video-decoder-webm-vp8: 9c59270c3fd7afecdb556c50c9e8de78 -> 
  custom:audio-decoder-ogg-vorbis: bf7c407c2cedff20999df2af8eb42d56 -> 
========================================================================
Received Prepare
Registering precompiled user dll's ...
Registered in 0.001961 seconds.
Begin MonoManager ReloadAssembly
Thread 0x17ff17000 may have been prematurely finalized
Symbol file LoadedFromMemory doesn't match image /Users/basarcelebi/CubeSurfers/Library/PackageCache/com.unity.visualscripting@1.7.8/Editor/VisualScripting.Core/Dependencies/YamlDotNet/Unity.VisualScripting.YamlDotNet.dll
Symbol file LoadedFromMemory doesn't match image /Users/basarcelebi/CubeSurfers/Library/PackageCache/com.unity.visualscripting@1.7.8/Editor/VisualScripting.Core/Dependencies/DotNetZip/Unity.VisualScripting.IonicZip.dll
Native extension for OSXStandalone target not found
Refreshing native plugins compatible for Editor in 0.56 ms, found 2 plugins.
Preloading 0 native plugins for Editor in 0.00 ms.
Mono: successfully reloaded assembly
- Completed reload, in  0.597 seconds
Domain Reload Profiling:
	ReloadAssembly (597ms)
		BeginReloadAssembly (76ms)
			ExecutionOrderSort (0ms)
			DisableScriptedObjects (3ms)
			BackupInstance (0ms)
			ReleaseScriptingObjects (0ms)
			CreateAndSetChildDomain (31ms)
		EndReloadAssembly (463ms)
			LoadAssemblies (29ms)
			RebuildTransferFunctionScriptingTraits (0ms)
			SetupTypeCache (183ms)
			ReleaseScriptCaches (1ms)
			RebuildScriptCaches (29ms)
			SetupLoadedEditorAssemblies (187ms)
				LogAssemblyErrors (0ms)
				InitializePlatformSupportModulesInManaged (6ms)
				SetLoadedEditorAssemblies (0ms)
				RefreshPlugins (1ms)
				BeforeProcessingInitializeOnLoad (40ms)
				ProcessInitializeOnLoadAttributes (126ms)
				ProcessInitializeOnLoadMethodAttributes (14ms)
				AfterProcessingInitializeOnLoad (1ms)
				EditorAssembliesLoaded (0ms)
			ExecutionOrderSort2 (0ms)
			AwakeInstancesAfterBackupRestoration (2ms)
Platform modules already initialized, skipping
Refreshing native plugins compatible for Editor in 0.92 ms, found 2 plugins.
Preloading 0 native plugins for Editor in 0.00 ms.
Unloading 3364 Unused Serialized files (Serialized files now loaded: 0)
Unloading 20 unused Assets / (65.6 KB). Loaded Objects now: 3906.
Memory consumption went from 119.1 MB to 119.0 MB.
Total: 2.683167 ms (FindLiveObjects: 0.133667 ms CreateObjectMapping: 0.042000 ms MarkObjects: 2.440041 ms  DeleteObjects: 0.066792 ms)

AssetImportParameters requested are different than current active one (requested -> active):
  custom:video-decoder-ogg-theora: a1e56fd34408186e4bbccfd4996cb3dc -> 
  custom:container-muxer-webm: aa71ff27fc2769a1b78a27578f13a17b -> 
  custom:container-demuxer-webm: 4f35f7cbe854078d1ac9338744f61a02 -> 
  custom:video-encoder-webm-vp8: eb34c28f22e8b96e1ab97ce403110664 -> 
  custom:framework-osx-AVFoundation: e770b220cccbd017edd2c1fefb359320 -> 
  custom:audio-encoder-webm-vorbis: bf7c407c2cedff20999df2af8eb42d56 -> 
  custom:container-demuxer-ogg: 62fdf1f143b41e24485cea50d1cbac27 -> 
  custom:video-decoder-webm-vp8: 9c59270c3fd7afecdb556c50c9e8de78 -> 
  custom:audio-decoder-ogg-vorbis: bf7c407c2cedff20999df2af8eb42d56 -> 
