Unity Editor version:    2021.3.16f1 (4016570cf34f)
Branch:                  2021.3/staging
Build type:              Release
Batch mode:              YES
macOS version:           Version 13.1 (Build 22C65)
Darwin version:          22.2.0
Architecture:            arm64
Running under Rosetta:   NO
Available memory:        16384 MB
Using pre-set license
Pro License: YES

COMMAND LINE ARGUMENTS:
/Applications/Unity/Hub/Editor/2021.3.16f1/Unity.app/Contents/MacOS/Unity
-adb2
-batchMode
-noUpm
-name
AssetImportWorker0
-projectPath
/Users/basarcelebi/CubeSurfers
-logFile
Logs/AssetImportWorker0.log
-srvPort
60396
Successfully changed project path to: /Users/basarcelebi/CubeSurfers
/Users/basarcelebi/CubeSurfers
[UnityMemory] Configuration Parameters - Can be set up in boot.config
    "memorysetup-bucket-allocator-granularity=16"
    "memorysetup-bucket-allocator-bucket-count=8"
    "memorysetup-bucket-allocator-block-size=33554432"
    "memorysetup-bucket-allocator-block-count=8"
    "memorysetup-main-allocator-block-size=16777216"
    "memorysetup-thread-allocator-block-size=16777216"
    "memorysetup-gfx-main-allocator-block-size=16777216"
    "memorysetup-gfx-thread-allocator-block-size=16777216"
    "memorysetup-cache-allocator-block-size=4194304"
    "memorysetup-typetree-allocator-block-size=2097152"
    "memorysetup-profiler-bucket-allocator-granularity=16"
    "memorysetup-profiler-bucket-allocator-bucket-count=8"
    "memorysetup-profiler-bucket-allocator-block-size=33554432"
    "memorysetup-profiler-bucket-allocator-block-count=8"
    "memorysetup-profiler-allocator-block-size=16777216"
    "memorysetup-profiler-editor-allocator-block-size=1048576"
    "memorysetup-temp-allocator-size-main=16777216"
    "memorysetup-job-temp-allocator-block-size=2097152"
    "memorysetup-job-temp-allocator-block-size-background=1048576"
    "memorysetup-job-temp-allocator-reduction-small-platforms=262144"
    "memorysetup-temp-allocator-size-background-worker=32768"
    "memorysetup-temp-allocator-size-job-worker=262144"
    "memorysetup-temp-allocator-size-preload-manager=33554432"
    "memorysetup-temp-allocator-size-nav-mesh-worker=65536"
    "memorysetup-temp-allocator-size-audio-worker=65536"
    "memorysetup-temp-allocator-size-cloud-worker=32768"
    "memorysetup-temp-allocator-size-gi-baking-worker=262144"
    "memorysetup-temp-allocator-size-gfx=262144"
Player connection [8043657856] Host "[IP] 192.168.1.21 [Port] 0 [Flags] 2 [Guid] 3524252778 [EditorId] 3524252778 [Version] 1048832 [Id] OSXEditor(0,Basar-MacBook-Air.local) [Debug] 1 [PackageName] OSXEditor [ProjectName] Editor" joined multi-casting on [225.0.0.222:54997]...

Player connection [8043657856] Host "[IP] 192.168.1.21 [Port] 0 [Flags] 2 [Guid] 3524252778 [EditorId] 3524252778 [Version] 1048832 [Id] OSXEditor(0,Basar-MacBook-Air.local) [Debug] 1 [PackageName] OSXEditor [ProjectName] Editor" joined alternative multi-casting on [225.0.0.222:34997]...

Refreshing native plugins compatible for Editor in 66.99 ms, found 2 plugins.
Preloading 0 native plugins for Editor in 0.00 ms.
Initialize engine version: 2021.3.16f1 (4016570cf34f)
[Subsystems] Discovering subsystems at path /Applications/Unity/Hub/Editor/2021.3.16f1/Unity.app/Contents/Resources/UnitySubsystems
[Subsystems] Discovering subsystems at path /Users/basarcelebi/CubeSurfers/Assets
GfxDevice: creating device client; threaded=0; jobified=0
 preferred device: Apple M1 (high power)
Metal devices available: 1
0: Apple M1 (high power)
Using device Apple M1 (high power)
Initializing Metal device caps: Apple M1
Initialize mono
Mono path[0] = '/Applications/Unity/Hub/Editor/2021.3.16f1/Unity.app/Contents/Managed'
Mono path[1] = '/Applications/Unity/Hub/Editor/2021.3.16f1/Unity.app/Contents/MonoBleedingEdge/lib/mono/unityjit-macos'
Mono config path = '/Applications/Unity/Hub/Editor/2021.3.16f1/Unity.app/Contents/MonoBleedingEdge/etc'
Using monoOptions --debugger-agent=transport=dt_socket,embedding=1,server=y,suspend=n,address=127.0.0.1:56176
Begin MonoManager ReloadAssembly
Registering precompiled unity dll's ...
Register platform support module: /Applications/Unity/Hub/Editor/2021.3.16f1/Unity.app/Contents/PlaybackEngines/MacStandaloneSupport/UnityEditor.OSXStandalone.Extensions.dll
Registered in 0.000593 seconds.
Native extension for OSXStandalone target not found
Refreshing native plugins compatible for Editor in 70.04 ms, found 2 plugins.
Preloading 0 native plugins for Editor in 0.00 ms.
Mono: successfully reloaded assembly
- Completed reload, in  0.365 seconds
Domain Reload Profiling:
	ReloadAssembly (366ms)
		BeginReloadAssembly (25ms)
			ExecutionOrderSort (0ms)
			DisableScriptedObjects (0ms)
			BackupInstance (0ms)
			ReleaseScriptingObjects (0ms)
			CreateAndSetChildDomain (0ms)
		EndReloadAssembly (277ms)
			LoadAssemblies (25ms)
			RebuildTransferFunctionScriptingTraits (0ms)
			SetupTypeCache (64ms)
			ReleaseScriptCaches (0ms)
			RebuildScriptCaches (18ms)
			SetupLoadedEditorAssemblies (169ms)
				LogAssemblyErrors (0ms)
				InitializePlatformSupportModulesInManaged (3ms)
				SetLoadedEditorAssemblies (0ms)
				RefreshPlugins (70ms)
				BeforeProcessingInitializeOnLoad (1ms)
				ProcessInitializeOnLoadAttributes (72ms)
				ProcessInitializeOnLoadMethodAttributes (23ms)
				AfterProcessingInitializeOnLoad (0ms)
				EditorAssembliesLoaded (0ms)
			ExecutionOrderSort2 (0ms)
			AwakeInstancesAfterBackupRestoration (0ms)
Platform modules already initialized, skipping
Registering precompiled user dll's ...
Registered in 0.001962 seconds.
Begin MonoManager ReloadAssembly
Symbol file LoadedFromMemory doesn't match image /Users/basarcelebi/CubeSurfers/Library/PackageCache/com.unity.visualscripting@1.7.8/Editor/VisualScripting.Core/Dependencies/YamlDotNet/Unity.VisualScripting.YamlDotNet.dll
Symbol file LoadedFromMemory doesn't match image /Users/basarcelebi/CubeSurfers/Library/PackageCache/com.unity.visualscripting@1.7.8/Editor/VisualScripting.Core/Dependencies/DotNetZip/Unity.VisualScripting.IonicZip.dll
Native extension for OSXStandalone target not found
Refreshing native plugins compatible for Editor in 0.34 ms, found 2 plugins.
Preloading 0 native plugins for Editor in 0.00 ms.
Mono: successfully reloaded assembly
- Completed reload, in  0.573 seconds
Domain Reload Profiling:
	ReloadAssembly (574ms)
		BeginReloadAssembly (52ms)
			ExecutionOrderSort (0ms)
			DisableScriptedObjects (3ms)
			BackupInstance (0ms)
			ReleaseScriptingObjects (0ms)
			CreateAndSetChildDomain (15ms)
		EndReloadAssembly (456ms)
			LoadAssemblies (28ms)
			RebuildTransferFunctionScriptingTraits (0ms)
			SetupTypeCache (166ms)
			ReleaseScriptCaches (0ms)
			RebuildScriptCaches (31ms)
			SetupLoadedEditorAssemblies (202ms)
				LogAssemblyErrors (0ms)
				InitializePlatformSupportModulesInManaged (2ms)
				SetLoadedEditorAssemblies (0ms)
				RefreshPlugins (0ms)
				BeforeProcessingInitializeOnLoad (55ms)
				ProcessInitializeOnLoadAttributes (131ms)
				ProcessInitializeOnLoadMethodAttributes (13ms)
				AfterProcessingInitializeOnLoad (1ms)
				EditorAssembliesLoaded (0ms)
			ExecutionOrderSort2 (0ms)
			AwakeInstancesAfterBackupRestoration (2ms)
Platform modules already initialized, skipping
========================================================================
Worker process is ready to serve import requests
Launching external process: /Applications/Unity/Hub/Editor/2021.3.16f1/Unity.app/Contents/Tools/UnityShaderCompiler
Launched and connected shader compiler UnityShaderCompiler after 0.05 seconds
Refreshing native plugins compatible for Editor in 0.39 ms, found 2 plugins.
Preloading 0 native plugins for Editor in 0.00 ms.
Unloading 3384 Unused Serialized files (Serialized files now loaded: 0)
Unloading 27 unused Assets / (86.0 KB). Loaded Objects now: 3843.
Memory consumption went from 114.3 MB to 114.2 MB.
Total: 2.377208 ms (FindLiveObjects: 0.132250 ms CreateObjectMapping: 0.042625 ms MarkObjects: 2.126000 ms  DeleteObjects: 0.075750 ms)

AssetImportParameters requested are different than current active one (requested -> active):
  custom:video-decoder-ogg-theora: a1e56fd34408186e4bbccfd4996cb3dc -> 
  custom:container-muxer-webm: aa71ff27fc2769a1b78a27578f13a17b -> 
  custom:container-demuxer-webm: 4f35f7cbe854078d1ac9338744f61a02 -> 
  custom:video-encoder-webm-vp8: eb34c28f22e8b96e1ab97ce403110664 -> 
  custom:framework-osx-AVFoundation: e770b220cccbd017edd2c1fefb359320 -> 
  custom:audio-encoder-webm-vorbis: bf7c407c2cedff20999df2af8eb42d56 -> 
  custom:container-demuxer-ogg: 62fdf1f143b41e24485cea50d1cbac27 -> 
  custom:video-decoder-webm-vp8: 9c59270c3fd7afecdb556c50c9e8de78 -> 
  custom:audio-decoder-ogg-vorbis: bf7c407c2cedff20999df2af8eb42d56 -> 
========================================================================
Received Import Request.
  Time since last request: 75876.776869 seconds.
  path: Assets/TextMesh Pro
  artifactKey: Guid(f54d1bd14bd3ca042bd867b519fee8cc) Importer(815301076,1909f56bfc062723c751e8b465ee728b)
Start importing Assets/TextMesh Pro using Guid(f54d1bd14bd3ca042bd867b519fee8cc) Importer(815301076,1909f56bfc062723c751e8b465ee728b)  -> (artifact id: 'f5648c5ef36b7beab651a001a8d08867') in 0.004620 seconds 
========================================================================
Received Import Request.
  Time since last request: 8.800149 seconds.
  path: Assets/Simple Buttons/Buttons Style 10 (Square Light Blue)
  artifactKey: Guid(180d89e3c870c814ca902ade7cca688c) Importer(815301076,1909f56bfc062723c751e8b465ee728b)
Start importing Assets/Simple Buttons/Buttons Style 10 (Square Light Blue) using Guid(180d89e3c870c814ca902ade7cca688c) Importer(815301076,1909f56bfc062723c751e8b465ee728b)  -> (artifact id: '0d6e6164597af2e3487cb62a1b0448bc') in 0.001281 seconds 
========================================================================
Received Import Request.
  Time since last request: 0.094632 seconds.
  path: Assets/Simple Buttons/Buttons Style 10 (Square Light Blue)/ButtonsStyle10_01.png
  artifactKey: Guid(ee6ce9be098414c4a9e01da32a62f9c1) Importer(815301076,1909f56bfc062723c751e8b465ee728b)
Start importing Assets/Simple Buttons/Buttons Style 10 (Square Light Blue)/ButtonsStyle10_01.png using Guid(ee6ce9be098414c4a9e01da32a62f9c1) Importer(815301076,1909f56bfc062723c751e8b465ee728b)  -> (artifact id: 'a09c55da61d930462358364c085e1640') in 0.357986 seconds 
========================================================================
Received Import Request.
  Time since last request: 0.000073 seconds.
  path: Assets/Simple Buttons/Buttons Style 10 (Square Light Blue)/ButtonsStyle10_08.png
  artifactKey: Guid(4d9b592efeeb3954892d4674a90a8d3c) Importer(815301076,1909f56bfc062723c751e8b465ee728b)
Start importing Assets/Simple Buttons/Buttons Style 10 (Square Light Blue)/ButtonsStyle10_08.png using Guid(4d9b592efeeb3954892d4674a90a8d3c) Importer(815301076,1909f56bfc062723c751e8b465ee728b)  -> (artifact id: 'c7b53950af83aeab68cd3198ce1ba9a4') in 0.010391 seconds 
========================================================================
Received Import Request.
  Time since last request: 0.000028 seconds.
  path: Assets/Simple Buttons/Buttons Style 10 (Square Light Blue)/ButtonsStyle10_24.png
  artifactKey: Guid(7d6c8bb41eaeaca43bd678398581621b) Importer(815301076,1909f56bfc062723c751e8b465ee728b)
Start importing Assets/Simple Buttons/Buttons Style 10 (Square Light Blue)/ButtonsStyle10_24.png using Guid(7d6c8bb41eaeaca43bd678398581621b) Importer(815301076,1909f56bfc062723c751e8b465ee728b)  -> (artifact id: 'a29939a8c55c7a61114465e48ac08cad') in 0.011560 seconds 
========================================================================
Received Import Request.
  Time since last request: 0.000046 seconds.
  path: Assets/Simple Buttons/Buttons Style 10 (Square Light Blue)/ButtonsStyle10_25.png
  artifactKey: Guid(de180e99ecfcea345bfa2dd8949dbd92) Importer(815301076,1909f56bfc062723c751e8b465ee728b)
Start importing Assets/Simple Buttons/Buttons Style 10 (Square Light Blue)/ButtonsStyle10_25.png using Guid(de180e99ecfcea345bfa2dd8949dbd92) Importer(815301076,1909f56bfc062723c751e8b465ee728b)  -> (artifact id: '0cff90a4045025afb78f57dc5e8bcb91') in 0.009682 seconds 
========================================================================
Received Import Request.
  Time since last request: 0.000041 seconds.
  path: Assets/Simple Buttons/Buttons Style 10 (Square Light Blue)/ButtonsStyle10_17.png
  artifactKey: Guid(9aee90530f1416d47a0a634e4f3ef351) Importer(815301076,1909f56bfc062723c751e8b465ee728b)
Start importing Assets/Simple Buttons/Buttons Style 10 (Square Light Blue)/ButtonsStyle10_17.png using Guid(9aee90530f1416d47a0a634e4f3ef351) Importer(815301076,1909f56bfc062723c751e8b465ee728b)  -> (artifact id: '83b77a310cfe5747a65a6bc1364fb3a9') in 0.009259 seconds 
========================================================================
Received Import Request.
  Time since last request: 0.000037 seconds.
  path: Assets/Simple Buttons/Buttons Style 10 (Square Light Blue)/ButtonsStyle10_10.png
  artifactKey: Guid(fbeab67cb04ee0e4fb8d6b16e814e677) Importer(815301076,1909f56bfc062723c751e8b465ee728b)
Start importing Assets/Simple Buttons/Buttons Style 10 (Square Light Blue)/ButtonsStyle10_10.png using Guid(fbeab67cb04ee0e4fb8d6b16e814e677) Importer(815301076,1909f56bfc062723c751e8b465ee728b)  -> (artifact id: '408ec980f147dc4bf2c90eb3509b373b') in 0.010028 seconds 
========================================================================
Received Import Request.
  Time since last request: 0.000042 seconds.
  path: Assets/Simple Buttons/Buttons Style 10 (Square Light Blue)/ButtonsStyle10_21.png
  artifactKey: Guid(cfd45c20e48a4a64381afa480860db52) Importer(815301076,1909f56bfc062723c751e8b465ee728b)
Start importing Assets/Simple Buttons/Buttons Style 10 (Square Light Blue)/ButtonsStyle10_21.png using Guid(cfd45c20e48a4a64381afa480860db52) Importer(815301076,1909f56bfc062723c751e8b465ee728b)  -> (artifact id: 'ef7757900b6c227ba5ac113cd6554b6e') in 0.011581 seconds 
========================================================================
Received Import Request.
  Time since last request: 0.000048 seconds.
  path: Assets/Simple Buttons/Buttons Style 10 (Square Light Blue)/ButtonsStyle10_23.png
  artifactKey: Guid(4d84691ee9c44bb41b2973774d685a2e) Importer(815301076,1909f56bfc062723c751e8b465ee728b)
Start importing Assets/Simple Buttons/Buttons Style 10 (Square Light Blue)/ButtonsStyle10_23.png using Guid(4d84691ee9c44bb41b2973774d685a2e) Importer(815301076,1909f56bfc062723c751e8b465ee728b)  -> (artifact id: '4a593a346d99b60c40f020b1b9e49fcd') in 0.009478 seconds 
========================================================================
Received Import Request.
  Time since last request: 0.000053 seconds.
  path: Assets/Simple Buttons/Buttons Style 10 (Square Light Blue)/ButtonsStyle10_20.png
  artifactKey: Guid(e12d180ae91f4ad489cb22e089a0e139) Importer(815301076,1909f56bfc062723c751e8b465ee728b)
Start importing Assets/Simple Buttons/Buttons Style 10 (Square Light Blue)/ButtonsStyle10_20.png using Guid(e12d180ae91f4ad489cb22e089a0e139) Importer(815301076,1909f56bfc062723c751e8b465ee728b)  -> (artifact id: 'ff98f96d94fd872ccb9e484361be4d27') in 0.010692 seconds 
========================================================================
Received Import Request.
  Time since last request: 0.000040 seconds.
  path: Assets/Simple Buttons/Buttons Style 10 (Square Light Blue)/ButtonsStyle10_03.png
  artifactKey: Guid(40431b1f3fc152545a2f88a8901f3b00) Importer(815301076,1909f56bfc062723c751e8b465ee728b)
Start importing Assets/Simple Buttons/Buttons Style 10 (Square Light Blue)/ButtonsStyle10_03.png using Guid(40431b1f3fc152545a2f88a8901f3b00) Importer(815301076,1909f56bfc062723c751e8b465ee728b)  -> (artifact id: '82d296edd420ee8001220131e4344c13') in 0.010962 seconds 
========================================================================
Received Import Request.
  Time since last request: 0.000028 seconds.
  path: Assets/Simple Buttons/Buttons Style 10 (Square Light Blue)/ButtonsStyle10_06.png
  artifactKey: Guid(5a6c712c241f45b41b44d6b40a939ae1) Importer(815301076,1909f56bfc062723c751e8b465ee728b)
Start importing Assets/Simple Buttons/Buttons Style 10 (Square Light Blue)/ButtonsStyle10_06.png using Guid(5a6c712c241f45b41b44d6b40a939ae1) Importer(815301076,1909f56bfc062723c751e8b465ee728b)  -> (artifact id: '3c76b9030421c5272e1306bea0e601c5') in 0.010409 seconds 
========================================================================
Received Import Request.
  Time since last request: 0.000031 seconds.
  path: Assets/Simple Buttons/Buttons Style 10 (Square Light Blue)/ButtonsStyle10_14.png
  artifactKey: Guid(93e4802c98e075e489e9c69952af801b) Importer(815301076,1909f56bfc062723c751e8b465ee728b)
Start importing Assets/Simple Buttons/Buttons Style 10 (Square Light Blue)/ButtonsStyle10_14.png using Guid(93e4802c98e075e489e9c69952af801b) Importer(815301076,1909f56bfc062723c751e8b465ee728b)  -> (artifact id: '8b355edacf0e31c7c404e93d5f8729d8') in 0.012152 seconds 
========================================================================
Received Import Request.
  Time since last request: 0.000036 seconds.
  path: Assets/Simple Buttons/Buttons Style 10 (Square Light Blue)/ButtonsStyle10_13.png
  artifactKey: Guid(ce0905bc33801214cadbf5f87a970fab) Importer(815301076,1909f56bfc062723c751e8b465ee728b)
Start importing Assets/Simple Buttons/Buttons Style 10 (Square Light Blue)/ButtonsStyle10_13.png using Guid(ce0905bc33801214cadbf5f87a970fab) Importer(815301076,1909f56bfc062723c751e8b465ee728b)  -> (artifact id: '563d22d670b0ec176d6ed4f03a8dd80c') in 0.010057 seconds 
========================================================================
Received Import Request.
  Time since last request: 1.895908 seconds.
  path: Assets/Simple Buttons/Buttons Style 9 (Rounded Light Blue)
  artifactKey: Guid(3c02d42a1554f7048800874ae10600bf) Importer(815301076,1909f56bfc062723c751e8b465ee728b)
Start importing Assets/Simple Buttons/Buttons Style 9 (Rounded Light Blue) using Guid(3c02d42a1554f7048800874ae10600bf) Importer(815301076,1909f56bfc062723c751e8b465ee728b)  -> (artifact id: '2eb765dda4aed183da5e8635d35c6ef5') in 0.001204 seconds 
========================================================================
Received Import Request.
  Time since last request: 0.075746 seconds.
  path: Assets/Simple Buttons/Buttons Style 9 (Rounded Light Blue)/ButtonsStyle9_01.png
  artifactKey: Guid(7403af6054f015e40815e883ba95a73a) Importer(815301076,1909f56bfc062723c751e8b465ee728b)
Start importing Assets/Simple Buttons/Buttons Style 9 (Rounded Light Blue)/ButtonsStyle9_01.png using Guid(7403af6054f015e40815e883ba95a73a) Importer(815301076,1909f56bfc062723c751e8b465ee728b)  -> (artifact id: 'e768725a2c55f465ef359d4e1282fbf7') in 0.015917 seconds 
========================================================================
Received Import Request.
  Time since last request: 0.000063 seconds.
  path: Assets/Simple Buttons/Buttons Style 9 (Rounded Light Blue)/ButtonsStyle9_03.png
  artifactKey: Guid(7ba0ffd55bf2e0a439f1fc2da1f9cf89) Importer(815301076,1909f56bfc062723c751e8b465ee728b)
Start importing Assets/Simple Buttons/Buttons Style 9 (Rounded Light Blue)/ButtonsStyle9_03.png using Guid(7ba0ffd55bf2e0a439f1fc2da1f9cf89) Importer(815301076,1909f56bfc062723c751e8b465ee728b)  -> (artifact id: '44702ad5bc7445af6c5c2dd3d64841b3') in 0.012744 seconds 
========================================================================
Received Import Request.
  Time since last request: 0.000047 seconds.
  path: Assets/Simple Buttons/Buttons Style 9 (Rounded Light Blue)/ButtonsStyle9_24.png
  artifactKey: Guid(51934584942d5b94f8ba795ae8d12632) Importer(815301076,1909f56bfc062723c751e8b465ee728b)
Start importing Assets/Simple Buttons/Buttons Style 9 (Rounded Light Blue)/ButtonsStyle9_24.png using Guid(51934584942d5b94f8ba795ae8d12632) Importer(815301076,1909f56bfc062723c751e8b465ee728b)  -> (artifact id: 'a42ef848797b2fd9145027021f11a306') in 0.013306 seconds 
========================================================================
Received Import Request.
  Time since last request: 0.000078 seconds.
  path: Assets/Simple Buttons/Buttons Style 9 (Rounded Light Blue)/ButtonsStyle9_12.png
  artifactKey: Guid(6b7a92d0b4933c44ba67708f7e4cdf16) Importer(815301076,1909f56bfc062723c751e8b465ee728b)
Start importing Assets/Simple Buttons/Buttons Style 9 (Rounded Light Blue)/ButtonsStyle9_12.png using Guid(6b7a92d0b4933c44ba67708f7e4cdf16) Importer(815301076,1909f56bfc062723c751e8b465ee728b)  -> (artifact id: 'ab3b32d784ef6fb77a6bbaceb93caf39') in 0.010813 seconds 
========================================================================
Received Import Request.
  Time since last request: 0.000030 seconds.
  path: Assets/Simple Buttons/Buttons Style 9 (Rounded Light Blue)/ButtonsStyle9_06.png
  artifactKey: Guid(7ed75b93f771f5e479a9e93b2d46f690) Importer(815301076,1909f56bfc062723c751e8b465ee728b)
Start importing Assets/Simple Buttons/Buttons Style 9 (Rounded Light Blue)/ButtonsStyle9_06.png using Guid(7ed75b93f771f5e479a9e93b2d46f690) Importer(815301076,1909f56bfc062723c751e8b465ee728b)  -> (artifact id: '515446d103dd3707461037a66dd51e08') in 0.009050 seconds 
========================================================================
Received Import Request.
  Time since last request: 0.000036 seconds.
  path: Assets/Simple Buttons/Buttons Style 9 (Rounded Light Blue)/ButtonsStyle9_08.png
  artifactKey: Guid(6cfebefbb66eed04c8cddcbd01353ac4) Importer(815301076,1909f56bfc062723c751e8b465ee728b)
Start importing Assets/Simple Buttons/Buttons Style 9 (Rounded Light Blue)/ButtonsStyle9_08.png using Guid(6cfebefbb66eed04c8cddcbd01353ac4) Importer(815301076,1909f56bfc062723c751e8b465ee728b)  -> (artifact id: '44104a2a541111b0697e1da3a49a117e') in 0.008785 seconds 
========================================================================
Received Import Request.
  Time since last request: 0.000049 seconds.
  path: Assets/Simple Buttons/Buttons Style 9 (Rounded Light Blue)/ButtonsStyle9_09.png
  artifactKey: Guid(e23b29f71e74ed9409911bba34a54425) Importer(815301076,1909f56bfc062723c751e8b465ee728b)
Start importing Assets/Simple Buttons/Buttons Style 9 (Rounded Light Blue)/ButtonsStyle9_09.png using Guid(e23b29f71e74ed9409911bba34a54425) Importer(815301076,1909f56bfc062723c751e8b465ee728b)  -> (artifact id: 'b9a9bd94675fc08b7a8e87d5c2515446') in 0.008505 seconds 
========================================================================
Received Import Request.
  Time since last request: 0.000054 seconds.
  path: Assets/Simple Buttons/Buttons Style 9 (Rounded Light Blue)/ButtonsStyle9_13.png
  artifactKey: Guid(7ec51b7a77640bb4995c0ef7ca419060) Importer(815301076,1909f56bfc062723c751e8b465ee728b)
Start importing Assets/Simple Buttons/Buttons Style 9 (Rounded Light Blue)/ButtonsStyle9_13.png using Guid(7ec51b7a77640bb4995c0ef7ca419060) Importer(815301076,1909f56bfc062723c751e8b465ee728b)  -> (artifact id: 'e44f445b667437808e32bdfdbf647ef2') in 0.009506 seconds 
========================================================================
Received Import Request.
  Time since last request: 0.000050 seconds.
  path: Assets/Simple Buttons/Buttons Style 9 (Rounded Light Blue)/ButtonsStyle9_26.png
  artifactKey: Guid(965a5fd34b9d44b4daeb15e8b9ee52a1) Importer(815301076,1909f56bfc062723c751e8b465ee728b)
Start importing Assets/Simple Buttons/Buttons Style 9 (Rounded Light Blue)/ButtonsStyle9_26.png using Guid(965a5fd34b9d44b4daeb15e8b9ee52a1) Importer(815301076,1909f56bfc062723c751e8b465ee728b)  -> (artifact id: '2fa77cbaf8887523d8067f6834f131e9') in 0.010880 seconds 
========================================================================
Received Import Request.
  Time since last request: 0.000034 seconds.
  path: Assets/Simple Buttons/Buttons Style 9 (Rounded Light Blue)/ButtonsStyle9_11.png
  artifactKey: Guid(96875f7d234c48b44827777187773c18) Importer(815301076,1909f56bfc062723c751e8b465ee728b)
Start importing Assets/Simple Buttons/Buttons Style 9 (Rounded Light Blue)/ButtonsStyle9_11.png using Guid(96875f7d234c48b44827777187773c18) Importer(815301076,1909f56bfc062723c751e8b465ee728b)  -> (artifact id: 'de670bebb8a75bf3b3f6d3216ccec6eb') in 0.009684 seconds 
========================================================================
Received Import Request.
  Time since last request: 0.000039 seconds.
  path: Assets/Simple Buttons/Buttons Style 9 (Rounded Light Blue)/ButtonsStyle9_04.png
  artifactKey: Guid(458745ba34436904ba098b415b3e81e9) Importer(815301076,1909f56bfc062723c751e8b465ee728b)
Start importing Assets/Simple Buttons/Buttons Style 9 (Rounded Light Blue)/ButtonsStyle9_04.png using Guid(458745ba34436904ba098b415b3e81e9) Importer(815301076,1909f56bfc062723c751e8b465ee728b)  -> (artifact id: '5cddc09f67999f2a9a7607f6ffee577e') in 0.009955 seconds 
========================================================================
Received Import Request.
  Time since last request: 0.000068 seconds.
  path: Assets/Simple Buttons/Buttons Style 9 (Rounded Light Blue)/ButtonsStyle9_19.png
  artifactKey: Guid(9917c697182314e46b5ff66818e0fa49) Importer(815301076,1909f56bfc062723c751e8b465ee728b)
Start importing Assets/Simple Buttons/Buttons Style 9 (Rounded Light Blue)/ButtonsStyle9_19.png using Guid(9917c697182314e46b5ff66818e0fa49) Importer(815301076,1909f56bfc062723c751e8b465ee728b)  -> (artifact id: '60c29f4df8d579da2ad6aa3b30d9ad91') in 0.009539 seconds 
========================================================================
Received Import Request.
  Time since last request: 0.000059 seconds.
  path: Assets/Simple Buttons/Buttons Style 9 (Rounded Light Blue)/ButtonsStyle9_22.png
  artifactKey: Guid(f25ccbd5105672642afc720d4c9f7e65) Importer(815301076,1909f56bfc062723c751e8b465ee728b)
Start importing Assets/Simple Buttons/Buttons Style 9 (Rounded Light Blue)/ButtonsStyle9_22.png using Guid(f25ccbd5105672642afc720d4c9f7e65) Importer(815301076,1909f56bfc062723c751e8b465ee728b)  -> (artifact id: 'ffca07a73c8c337cc1b557d39b86c379') in 0.009812 seconds 
========================================================================
Received Import Request.
  Time since last request: 1.764697 seconds.
  path: Assets/Simple Buttons/Buttons Style 8 (Square Turquoise)/ButtonsStyle8_24.png
  artifactKey: Guid(a4a340b5fa6a9da41996cb4bd06f7a54) Importer(815301076,1909f56bfc062723c751e8b465ee728b)
Start importing Assets/Simple Buttons/Buttons Style 8 (Square Turquoise)/ButtonsStyle8_24.png using Guid(a4a340b5fa6a9da41996cb4bd06f7a54) Importer(815301076,1909f56bfc062723c751e8b465ee728b)  -> (artifact id: 'e254c705cba0e7f127b1217b8db6f5f4') in 0.016316 seconds 
========================================================================
Received Import Request.
  Time since last request: 0.000058 seconds.
  path: Assets/Simple Buttons/Buttons Style 8 (Square Turquoise)/ButtonsStyle8_26.png
  artifactKey: Guid(1677b3591861c8d4f99fcf7940d5e252) Importer(815301076,1909f56bfc062723c751e8b465ee728b)
Start importing Assets/Simple Buttons/Buttons Style 8 (Square Turquoise)/ButtonsStyle8_26.png using Guid(1677b3591861c8d4f99fcf7940d5e252) Importer(815301076,1909f56bfc062723c751e8b465ee728b)  -> (artifact id: 'ca1452ca233046ab1cff07e0658f4ef6') in 0.011652 seconds 
========================================================================
Received Import Request.
  Time since last request: 14.587716 seconds.
  path: Assets/Simple Buttons/Buttons Style 2 (Square Purple)
  artifactKey: Guid(62355f3c435311c4295cf4f2d71130c4) Importer(815301076,1909f56bfc062723c751e8b465ee728b)
Start importing Assets/Simple Buttons/Buttons Style 2 (Square Purple) using Guid(62355f3c435311c4295cf4f2d71130c4) Importer(815301076,1909f56bfc062723c751e8b465ee728b)  -> (artifact id: 'd4343b1d913bb8b00ac1138ad983f4ee') in 0.001095 seconds 
========================================================================
Received Import Request.
  Time since last request: 97.763701 seconds.
  path: Assets/Scenes/LevelTwo.unity
  artifactKey: Guid(f7f659c0b783543b2a2993059a4a6e2a) Importer(815301076,1909f56bfc062723c751e8b465ee728b)
Start importing Assets/Scenes/LevelTwo.unity using Guid(f7f659c0b783543b2a2993059a4a6e2a) Importer(815301076,1909f56bfc062723c751e8b465ee728b)  -> (artifact id: '149926acf970b6bdc4e57ea561e52b0b') in 0.001310 seconds 
========================================================================
Received Import Request.
  Time since last request: 3.745969 seconds.
  path: Assets/Scenes/SampleScene.unity
  artifactKey: Guid(9fc0d4010bbf28b4594072e72b8655ab) Importer(815301076,1909f56bfc062723c751e8b465ee728b)
Start importing Assets/Scenes/SampleScene.unity using Guid(9fc0d4010bbf28b4594072e72b8655ab) Importer(815301076,1909f56bfc062723c751e8b465ee728b)  -> (artifact id: 'ac36875d802b0b3f0f90d2bca51790ac') in 0.001290 seconds 
========================================================================
Received Prepare
Registering precompiled user dll's ...
Registered in 0.001927 seconds.
Begin MonoManager ReloadAssembly
Thread 0x17e5df000 may have been prematurely finalized
Symbol file LoadedFromMemory doesn't match image /Users/basarcelebi/CubeSurfers/Library/PackageCache/com.unity.visualscripting@1.7.8/Editor/VisualScripting.Core/Dependencies/YamlDotNet/Unity.VisualScripting.YamlDotNet.dll
Symbol file LoadedFromMemory doesn't match image /Users/basarcelebi/CubeSurfers/Library/PackageCache/com.unity.visualscripting@1.7.8/Editor/VisualScripting.Core/Dependencies/DotNetZip/Unity.VisualScripting.IonicZip.dll
Native extension for OSXStandalone target not found
Refreshing native plugins compatible for Editor in 0.46 ms, found 2 plugins.
Preloading 0 native plugins for Editor in 0.00 ms.
Mono: successfully reloaded assembly
- Completed reload, in  0.609 seconds
Domain Reload Profiling:
	ReloadAssembly (609ms)
		BeginReloadAssembly (79ms)
			ExecutionOrderSort (0ms)
			DisableScriptedObjects (3ms)
			BackupInstance (0ms)
			ReleaseScriptingObjects (0ms)
			CreateAndSetChildDomain (33ms)
		EndReloadAssembly (472ms)
			LoadAssemblies (30ms)
			RebuildTransferFunctionScriptingTraits (0ms)
			SetupTypeCache (187ms)
			ReleaseScriptCaches (1ms)
			RebuildScriptCaches (30ms)
			SetupLoadedEditorAssemblies (191ms)
				LogAssemblyErrors (0ms)
				InitializePlatformSupportModulesInManaged (5ms)
				SetLoadedEditorAssemblies (0ms)
				RefreshPlugins (0ms)
				BeforeProcessingInitializeOnLoad (41ms)
				ProcessInitializeOnLoadAttributes (129ms)
				ProcessInitializeOnLoadMethodAttributes (15ms)
				AfterProcessingInitializeOnLoad (1ms)
				EditorAssembliesLoaded (0ms)
			ExecutionOrderSort2 (0ms)
			AwakeInstancesAfterBackupRestoration (2ms)
Platform modules already initialized, skipping
Refreshing native plugins compatible for Editor in 0.91 ms, found 2 plugins.
Preloading 0 native plugins for Editor in 0.00 ms.
Unloading 3364 Unused Serialized files (Serialized files now loaded: 0)
Unloading 20 unused Assets / (65.6 KB). Loaded Objects now: 3905.
Memory consumption went from 119.1 MB to 119.1 MB.
Total: 2.545000 ms (FindLiveObjects: 0.127291 ms CreateObjectMapping: 0.046917 ms MarkObjects: 2.302708 ms  DeleteObjects: 0.067000 ms)

AssetImportParameters requested are different than current active one (requested -> active):
  custom:video-decoder-ogg-theora: a1e56fd34408186e4bbccfd4996cb3dc -> 
  custom:container-muxer-webm: aa71ff27fc2769a1b78a27578f13a17b -> 
  custom:container-demuxer-webm: 4f35f7cbe854078d1ac9338744f61a02 -> 
  custom:video-encoder-webm-vp8: eb34c28f22e8b96e1ab97ce403110664 -> 
  custom:framework-osx-AVFoundation: e770b220cccbd017edd2c1fefb359320 -> 
  custom:audio-encoder-webm-vorbis: bf7c407c2cedff20999df2af8eb42d56 -> 
  custom:container-demuxer-ogg: 62fdf1f143b41e24485cea50d1cbac27 -> 
  custom:video-decoder-webm-vp8: 9c59270c3fd7afecdb556c50c9e8de78 -> 
  custom:audio-decoder-ogg-vorbis: bf7c407c2cedff20999df2af8eb42d56 -> 
========================================================================
Received Prepare
Registering precompiled user dll's ...
Registered in 0.001973 seconds.
Begin MonoManager ReloadAssembly
Thread 0x16ba57000 may have been prematurely finalized
Symbol file LoadedFromMemory doesn't match image /Users/basarcelebi/CubeSurfers/Library/PackageCache/com.unity.visualscripting@1.7.8/Editor/VisualScripting.Core/Dependencies/YamlDotNet/Unity.VisualScripting.YamlDotNet.dll
Symbol file LoadedFromMemory doesn't match image /Users/basarcelebi/CubeSurfers/Library/PackageCache/com.unity.visualscripting@1.7.8/Editor/VisualScripting.Core/Dependencies/DotNetZip/Unity.VisualScripting.IonicZip.dll
Native extension for OSXStandalone target not found
Refreshing native plugins compatible for Editor in 0.50 ms, found 2 plugins.
Preloading 0 native plugins for Editor in 0.00 ms.
Mono: successfully reloaded assembly
- Completed reload, in  0.597 seconds
Domain Reload Profiling:
	ReloadAssembly (598ms)
		BeginReloadAssembly (76ms)
			ExecutionOrderSort (0ms)
			DisableScriptedObjects (3ms)
			BackupInstance (0ms)
			ReleaseScriptingObjects (0ms)
			CreateAndSetChildDomain (29ms)
		EndReloadAssembly (464ms)
			LoadAssemblies (30ms)
			RebuildTransferFunctionScriptingTraits (0ms)
			SetupTypeCache (181ms)
			ReleaseScriptCaches (1ms)
			RebuildScriptCaches (29ms)
			SetupLoadedEditorAssemblies (190ms)
				LogAssemblyErrors (0ms)
				InitializePlatformSupportModulesInManaged (6ms)
				SetLoadedEditorAssemblies (0ms)
				RefreshPlugins (1ms)
				BeforeProcessingInitializeOnLoad (40ms)
				ProcessInitializeOnLoadAttributes (128ms)
				ProcessInitializeOnLoadMethodAttributes (14ms)
				AfterProcessingInitializeOnLoad (1ms)
				EditorAssembliesLoaded (0ms)
			ExecutionOrderSort2 (0ms)
			AwakeInstancesAfterBackupRestoration (2ms)
Platform modules already initialized, skipping
Refreshing native plugins compatible for Editor in 0.86 ms, found 2 plugins.
Preloading 0 native plugins for Editor in 0.00 ms.
Unloading 3364 Unused Serialized files (Serialized files now loaded: 0)
Unloading 20 unused Assets / (65.8 KB). Loaded Objects now: 3908.
Memory consumption went from 119.1 MB to 119.1 MB.
Total: 2.442667 ms (FindLiveObjects: 0.150666 ms CreateObjectMapping: 0.045792 ms MarkObjects: 2.171666 ms  DeleteObjects: 0.074000 ms)

AssetImportParameters requested are different than current active one (requested -> active):
  custom:video-decoder-ogg-theora: a1e56fd34408186e4bbccfd4996cb3dc -> 
  custom:container-muxer-webm: aa71ff27fc2769a1b78a27578f13a17b -> 
  custom:container-demuxer-webm: 4f35f7cbe854078d1ac9338744f61a02 -> 
  custom:video-encoder-webm-vp8: eb34c28f22e8b96e1ab97ce403110664 -> 
  custom:framework-osx-AVFoundation: e770b220cccbd017edd2c1fefb359320 -> 
  custom:audio-encoder-webm-vorbis: bf7c407c2cedff20999df2af8eb42d56 -> 
  custom:container-demuxer-ogg: 62fdf1f143b41e24485cea50d1cbac27 -> 
  custom:video-decoder-webm-vp8: 9c59270c3fd7afecdb556c50c9e8de78 -> 
  custom:audio-decoder-ogg-vorbis: bf7c407c2cedff20999df2af8eb42d56 -> 
